<?xml version="1.0" encoding="UTF-8"?>
<!-- Generated by org.testng.reporters.JUnitReportReporter -->
<testsuite hostname="DESKTOP-4NQBN1P" failures="0" tests="1" name="com.herokuapp.Theinternet.Login.PositiveLoginTests" time="6.023" errors="0" timestamp="2 Aug 2021 13:02:02 GMT">
  <testcase classname="com.herokuapp.Theinternet.Login.PositiveLoginTests" name="logInTest" time="6.023"/>
</testsuite> <!-- com.herokuapp.Theinternet.Login.PositiveLoginTests -->
