<?xml version="1.0" encoding="UTF-8"?>
<!-- Generated by org.testng.reporters.JUnitReportReporter -->
<testsuite hostname="DESKTOP-4NQBN1P" failures="0" tests="4" name="com.herokuapp.Theinternet.Login.NegativeLoginTests" time="39.360" errors="0" timestamp="2 Aug 2021 13:02:02 GMT">
  <testcase classname="com.herokuapp.Theinternet.Login.NegativeLoginTests" name="negativeTest" time="15.247"/>
  <testcase classname="com.herokuapp.Theinternet.Login.NegativeLoginTests" name="negativeTest" time="11.649"/>
  <testcase classname="com.herokuapp.Theinternet.Login.NegativeLoginTests" name="negativeTest" time="6.806"/>
  <testcase classname="com.herokuapp.Theinternet.Login.NegativeLoginTests" name="negativeTest" time="5.658"/>
</testsuite> <!-- com.herokuapp.Theinternet.Login.NegativeLoginTests -->
